<?xml version="1.0" encoding="UTF-8"?>
<testng-results ignored="0" total="1" passed="1" failed="0" skipped="0">
  <reporter-output>
  </reporter-output>
  <suite started-at="2025-04-03T13:17:24 IST" name="Suite" finished-at="2025-04-03T13:17:57 IST" duration-ms="32636">
    <groups>
    </groups>
    <test started-at="2025-04-03T13:17:24 IST" name="Test" finished-at="2025-04-03T13:17:57 IST" duration-ms="32636">
      <class name="PlayWrightSample.PlayWrightSample.BaseTest">
        <test-method is-config="true" signature="f()[pri:0, instance:PlayWrightSample.PlayWrightSample.BaseTest@363ee3a2]" started-at="2025-04-03T13:17:24 IST" name="f" finished-at="2025-04-03T13:17:41 IST" duration-ms="17314" status="PASS">
          <reporter-output>
          </reporter-output>
        </test-method> <!-- f -->
        <test-method signature="EnterValueInSearch()[pri:0, instance:PlayWrightSample.PlayWrightSample.BaseTest@363ee3a2]" started-at="2025-04-03T13:17:41 IST" name="EnterValueInSearch" finished-at="2025-04-03T13:17:56 IST" duration-ms="15195" status="PASS">
          <reporter-output>
          </reporter-output>
        </test-method> <!-- EnterValueInSearch -->
        <test-method is-config="true" signature="TraceDown()[pri:0, instance:PlayWrightSample.PlayWrightSample.BaseTest@363ee3a2]" started-at="2025-04-03T13:17:57 IST" name="TraceDown" finished-at="2025-04-03T13:17:57 IST" duration-ms="54" status="PASS">
          <reporter-output>
          </reporter-output>
        </test-method> <!-- TraceDown -->
      </class> <!-- PlayWrightSample.PlayWrightSample.BaseTest -->
    </test> <!-- Test -->
  </suite> <!-- Suite -->
</testng-results>
