<?xml version="1.0" encoding="UTF-8"?>
<testng-results ignored="0" total="1" passed="1" failed="0" skipped="0">
  <reporter-output>
  </reporter-output>
  <suite started-at="2025-04-02T17:08:49 IST" name="Default suite" finished-at="2025-04-02T17:09:21 IST" duration-ms="31491">
    <groups>
    </groups>
    <test started-at="2025-04-02T17:08:49 IST" name="Default test" finished-at="2025-04-02T17:09:21 IST" duration-ms="31491">
      <class name="PlayWrightSample.PlayWrightSample.BaseTest">
        <test-method is-config="true" signature="f()[pri:0, instance:PlayWrightSample.PlayWrightSample.BaseTest@732c2a62]" started-at="2025-04-02T17:08:49 IST" name="f" finished-at="2025-04-02T17:09:05 IST" duration-ms="16191" status="PASS">
          <reporter-output>
          </reporter-output>
        </test-method> <!-- f -->
        <test-method signature="EnterValueInSearch()[pri:0, instance:PlayWrightSample.PlayWrightSample.BaseTest@732c2a62]" started-at="2025-04-02T17:09:05 IST" name="EnterValueInSearch" finished-at="2025-04-02T17:09:21 IST" duration-ms="15102" status="PASS">
          <reporter-output>
          </reporter-output>
        </test-method> <!-- EnterValueInSearch -->
        <test-method is-config="true" signature="TraceDown()[pri:0, instance:PlayWrightSample.PlayWrightSample.BaseTest@732c2a62]" started-at="2025-04-02T17:09:21 IST" name="TraceDown" finished-at="2025-04-02T17:09:21 IST" duration-ms="146" status="PASS">
          <reporter-output>
          </reporter-output>
        </test-method> <!-- TraceDown -->
      </class> <!-- PlayWrightSample.PlayWrightSample.BaseTest -->
    </test> <!-- Default test -->
  </suite> <!-- Default suite -->
</testng-results>
