<?xml version="1.0" encoding="UTF-8"?>
<testng-results ignored="0" total="1" passed="1" failed="0" skipped="0">
  <reporter-output>
  </reporter-output>
  <suite started-at="2025-04-02T21:21:50 IST" name="Suite" finished-at="2025-04-02T21:22:17 IST" duration-ms="27543">
    <groups>
    </groups>
    <test started-at="2025-04-02T21:21:50 IST" name="Test" finished-at="2025-04-02T21:22:17 IST" duration-ms="27543">
      <class name="PlayWrightSample.PlayWrightSample.BaseTest">
        <test-method is-config="true" signature="f()[pri:0, instance:PlayWrightSample.PlayWrightSample.BaseTest@732c2a62]" started-at="2025-04-02T21:21:50 IST" name="f" finished-at="2025-04-02T21:22:02 IST" duration-ms="12225" status="PASS">
          <reporter-output>
          </reporter-output>
        </test-method> <!-- f -->
        <test-method signature="EnterValueInSearch()[pri:0, instance:PlayWrightSample.PlayWrightSample.BaseTest@732c2a62]" started-at="2025-04-02T21:22:02 IST" name="EnterValueInSearch" finished-at="2025-04-02T21:22:17 IST" duration-ms="15209" status="PASS">
          <reporter-output>
          </reporter-output>
        </test-method> <!-- EnterValueInSearch -->
        <test-method is-config="true" signature="TraceDown()[pri:0, instance:PlayWrightSample.PlayWrightSample.BaseTest@732c2a62]" started-at="2025-04-02T21:22:17 IST" name="TraceDown" finished-at="2025-04-02T21:22:17 IST" duration-ms="37" status="PASS">
          <reporter-output>
          </reporter-output>
        </test-method> <!-- TraceDown -->
      </class> <!-- PlayWrightSample.PlayWrightSample.BaseTest -->
    </test> <!-- Test -->
  </suite> <!-- Suite -->
</testng-results>
